<?xml version="1.0" encoding="UTF-8"?>
<!-- Generated by org.testng.reporters.JUnitReportReporter -->
<testsuite skipped="0" hostname="Danas-MacBook-Pro.local" name="com.app.runners.CukesRunner" tests="1" failures="0" timestamp="20 Aug 2020 15:20:19 GMT" time="2.358" errors="1">
  <testcase name="runScenario" time="2.358" classname="com.app.runners.CukesRunner">
    <error type="org.openqa.selenium.SessionNotCreatedException" message="session not created: This version of ChromeDriver only supports Chrome version 85
Build info: version: &#039;3.11.0&#039;, revision: &#039;e59cfb3&#039;, time: &#039;2018-03-11T20:26:55.152Z&#039;
System info: host: &#039;Danas-MacBook-Pro.local&#039;, ip: &#039;2601:152:4203:d90:f4c0:dc80:5c73:394a%en0&#039;, os.name: &#039;Mac OS X&#039;, os.arch: &#039;x86_64&#039;, os.version: &#039;10.13.6&#039;, java.version: &#039;1.8.0_172&#039;
Driver info: driver.version: Driver
remote stacktrace: 0   chromedriver                        0x00000001023176b9 chromedriver + 4904633
1   chromedriver                        0x00000001022b6de3 chromedriver + 4509155
2   chromedriver                        0x0000000101f26c06 chromedriver + 773126
3   chromedriver                        0x0000000101e81e62 chromedriver + 97890
4   chromedriver                        0x0000000101e7e77f chromedriver + 83839
5   chromedriver                        0x0000000101ead166 chromedriver + 274790
6   chromedriver                        0x0000000101eaa173 chromedriver + 262515
7   chromedriver                        0x0000000101e84130 chromedriver + 106800
8   chromedriver                        0x0000000101e850a3 chromedriver + 110755
9   chromedriver                        0x00000001022e0032 chromedriver + 4677682
10  chromedriver                        0x00000001022edeca chromedriver + 4734666
11  chromedriver                        0x00000001022edb81 chromedriver + 4733825
12  chromedriver                        0x00000001022c320e chromedriver + 4559374
13  chromedriver                        0x00000001022ee3f1 chromedriver + 4735985
14  chromedriver                        0x00000001022d4dea chromedriver + 4632042
15  chromedriver                        0x000000010230746a chromedriver + 4838506
16  chromedriver                        0x000000010231d9d7 chromedriver + 4930007
17  libsystem_pthread.dylib             0x00007fff7a0db661 _pthread_body + 340
18  libsystem_pthread.dylib             0x00007fff7a0db50d _pthread_body + 0
19  libsystem_pthread.dylib             0x00007fff7a0dabf9 thread_start + 13
">
      <![CDATA[org.openqa.selenium.SessionNotCreatedException: session not created: This version of ChromeDriver only supports Chrome version 85
Build info: version: '3.11.0', revision: 'e59cfb3', time: '2018-03-11T20:26:55.152Z'
System info: host: 'Danas-MacBook-Pro.local', ip: '2601:152:4203:d90:f4c0:dc80:5c73:394a%en0', os.name: 'Mac OS X', os.arch: 'x86_64', os.version: '10.13.6', java.version: '1.8.0_172'
Driver info: driver.version: Driver
remote stacktrace: 0   chromedriver                        0x00000001023176b9 chromedriver + 4904633
1   chromedriver                        0x00000001022b6de3 chromedriver + 4509155
2   chromedriver                        0x0000000101f26c06 chromedriver + 773126
3   chromedriver                        0x0000000101e81e62 chromedriver + 97890
4   chromedriver                        0x0000000101e7e77f chromedriver + 83839
5   chromedriver                        0x0000000101ead166 chromedriver + 274790
6   chromedriver                        0x0000000101eaa173 chromedriver + 262515
7   chromedriver                        0x0000000101e84130 chromedriver + 106800
8   chromedriver                        0x0000000101e850a3 chromedriver + 110755
9   chromedriver                        0x00000001022e0032 chromedriver + 4677682
10  chromedriver                        0x00000001022edeca chromedriver + 4734666
11  chromedriver                        0x00000001022edb81 chromedriver + 4733825
12  chromedriver                        0x00000001022c320e chromedriver + 4559374
13  chromedriver                        0x00000001022ee3f1 chromedriver + 4735985
14  chromedriver                        0x00000001022d4dea chromedriver + 4632042
15  chromedriver                        0x000000010230746a chromedriver + 4838506
16  chromedriver                        0x000000010231d9d7 chromedriver + 4930007
17  libsystem_pthread.dylib             0x00007fff7a0db661 _pthread_body + 340
18  libsystem_pthread.dylib             0x00007fff7a0db50d _pthread_body + 0
19  libsystem_pthread.dylib             0x00007fff7a0dabf9 thread_start + 13

at sun.reflect.NativeConstructorAccessorImpl.newInstance0(Native Method)
at sun.reflect.NativeConstructorAccessorImpl.newInstance(NativeConstructorAccessorImpl.java:62)
at sun.reflect.DelegatingConstructorAccessorImpl.newInstance(DelegatingConstructorAccessorImpl.java:45)
at java.lang.reflect.Constructor.newInstance(Constructor.java:423)
at org.openqa.selenium.remote.W3CHandshakeResponse.lambda$new$0(W3CHandshakeResponse.java:57)
at org.openqa.selenium.remote.W3CHandshakeResponse.lambda$getResponseFunction$2(W3CHandshakeResponse.java:104)
at org.openqa.selenium.remote.ProtocolHandshake.lambda$createSession$0(ProtocolHandshake.java:123)
at java.util.stream.ReferencePipeline$3$1.accept(ReferencePipeline.java:193)
at java.util.Spliterators$ArraySpliterator.tryAdvance(Spliterators.java:958)
at java.util.stream.ReferencePipeline.forEachWithCancel(ReferencePipeline.java:126)
at java.util.stream.AbstractPipeline.copyIntoWithCancel(AbstractPipeline.java:498)
at java.util.stream.AbstractPipeline.copyInto(AbstractPipeline.java:485)
at java.util.stream.AbstractPipeline.wrapAndCopyInto(AbstractPipeline.java:471)
at java.util.stream.FindOps$FindOp.evaluateSequential(FindOps.java:152)
at java.util.stream.AbstractPipeline.evaluate(AbstractPipeline.java:234)
at java.util.stream.ReferencePipeline.findFirst(ReferencePipeline.java:464)
at org.openqa.selenium.remote.ProtocolHandshake.createSession(ProtocolHandshake.java:126)
at org.openqa.selenium.remote.ProtocolHandshake.createSession(ProtocolHandshake.java:73)
at org.openqa.selenium.remote.HttpCommandExecutor.execute(HttpCommandExecutor.java:136)
at org.openqa.selenium.remote.service.DriverCommandExecutor.execute(DriverCommandExecutor.java:83)
at org.openqa.selenium.remote.RemoteWebDriver.execute(RemoteWebDriver.java:545)
at org.openqa.selenium.remote.RemoteWebDriver.startSession(RemoteWebDriver.java:209)
at org.openqa.selenium.remote.RemoteWebDriver.<init>(RemoteWebDriver.java:132)
at org.openqa.selenium.chrome.ChromeDriver.<init>(ChromeDriver.java:181)
at org.openqa.selenium.chrome.ChromeDriver.<init>(ChromeDriver.java:168)
at org.openqa.selenium.chrome.ChromeDriver.<init>(ChromeDriver.java:123)
at com.app.utilities.Driver.get(Driver.java:34)
at com.app.step_defenitions.Login.enter_url(Login.java:17)
at âœ½.enter url(src/test/resourses/com/app/features/login.feature:24)
]]>
    </error>
  </testcase> <!-- runScenario -->
</testsuite> <!-- com.app.runners.CukesRunner -->
